<?xml version="1.0" encoding="UTF-8"?>
<testsuite xmlns:xsi="http://www.w3.org/2001/XMLSchema-instance" xsi:noNamespaceSchemaLocation="https://maven.apache.org/surefire/maven-surefire-plugin/xsd/surefire-test-report.xsd" name="selenium.test.form_repeater" time="33.119" tests="1" errors="1" skipped="0" failures="0">
  <properties>
[...]
</properties>
  <testcase name="testFormRepeaterFunctionality" classname="selenium.test.form_repeater" time="33.113">
    <error message="Expected condition failed: waiting for visibility of element located by By.id: formRepeaterElementId (tried for 30 second(s) with 500 milliseconds interval)" type="org.openqa.selenium.TimeoutException">org.openqa.selenium.TimeoutException: Expected condition failed: waiting for visibility of element located by By.id: formRepeaterElementId (tried for 30 second(s) with 500 milliseconds interval)
	at selenium.test.form_repeater.testFormRepeaterFunctionality(form_repeater.java:32)
Caused by: org.openqa.selenium.NoSuchWindowException: 
no such window: target window already closed
from unknown error: web view not found
  (Session info: chrome=126.0.6478.115)
Build info: version: '4.21.0', revision: '79ed462ef4'
System info: os.name: 'Windows 11', os.arch: 'amd64', os.version: '10.0', java.version: '17.0.10'
Driver info: org.openqa.selenium.chrome.ChromeDriver
Command: [819f5281ea6c918ccf09a1d5270378a5, findElement {value=formRepeaterElementId, using=id}]
Capabilities {acceptInsecureCerts: false, browserName: chrome, browserVersion: 126.0.6478.115, chrome: {chromedriverVersion: 126.0.6478.63 (df799988fdc9..., userDataDir: C:\Users\oussa\AppData\Loca...}, fedcm:accounts: true, goog:chromeOptions: {debuggerAddress: localhost:51746}, networkConnectionEnabled: false, pageLoadStrategy: normal, platformName: windows, proxy: Proxy(), se:cdp: ws://localhost:51746/devtoo..., se:cdpVersion: 126.0.6478.115, setWindowRect: true, strictFileInteractability: false, timeouts: {implicit: 0, pageLoad: 300000, script: 30000}, unhandledPromptBehavior: dismiss and notify, webauthn:extension:credBlob: true, webauthn:extension:largeBlob: true, webauthn:extension:minPinLength: true, webauthn:extension:prf: true, webauthn:virtualAuthenticators: true}
Session ID: 819f5281ea6c918ccf09a1d5270378a5
	at selenium.test.form_repeater.testFormRepeaterFunctionality(form_repeater.java:32)
</error>
    <system-err><![CDATA[juin 24, 2024 10:21:37 AM org.openqa.selenium.devtools.CdpVersionFinder findNearestMatch
AVERTISSEMENT: Unable to find an exact match for CDP version 126, returning the closest version; found: 125; Please update to a Selenium version that supports CDP version 126
]]></system-err>
  </testcase>
</testsuite>